INFO:sim:172 - Generating IP...
Resolving generics for 'memory_test1'...
Applying external generics to 'memory_test1'...
Delivering associated files for 'memory_test1'...
Delivering EJava files for 'memory_test1'...
Generating implementation netlist for 'memory_test1'...
INFO:sim - Pre-processing HDL files for 'memory_test1'...
Running synthesis for 'memory_test1'
Running ngcbuild...
Writing VEO instantiation template for 'memory_test1'...
Writing Verilog behavioral simulation model for 'memory_test1'...
WARNING:sim - Overwriting existing file
   C:/Users/Chris/workspace/ELEC427-ProjectFinal/ipcore_dir/tmp/_cg/memory_test1
   /doc/blk_mem_gen_v7_3_vinfo.html with file from view xilinx_documentation
Delivered 1 file into directory
C:/Users/Chris/workspace/ELEC427-ProjectFinal/ipcore_dir/tmp/_cg/memory_test1
Generating ASY schematic symbol...
INFO:sim:949 - Finished generation of ASY schematic symbol.
Generating SYM schematic symbol for 'memory_test1'...
Generating metadata file...
Generating ISE project file for 'memory_test1'...
Generating ISE project...
XCO file found: memory_test1.xco
XMDF file found: memory_test1_xmdf.tcl
Adding
C:/Users/Chris/workspace/ELEC427-ProjectFinal/ipcore_dir/tmp/_cg/memory_test1.as
y -view all -origin_type imported
Adding
C:/Users/Chris/workspace/ELEC427-ProjectFinal/ipcore_dir/tmp/_cg/memory_test1.ng
c -view all -origin_type created
Checking file
"C:/Users/Chris/workspace/ELEC427-ProjectFinal/ipcore_dir/tmp/_cg/memory_test1.n
gc" for project device match ...
File
"C:/Users/Chris/workspace/ELEC427-ProjectFinal/ipcore_dir/tmp/_cg/memory_test1.n
gc" device information matches project device.
Adding
C:/Users/Chris/workspace/ELEC427-ProjectFinal/ipcore_dir/tmp/_cg/memory_test1.sy
m -view all -origin_type imported
Adding
C:/Users/Chris/workspace/ELEC427-ProjectFinal/ipcore_dir/tmp/_cg/memory_test1.v
-view all -origin_type created
INFO:HDLCompiler:1845 - Analyzing Verilog file
   "C:/Users/Chris/workspace/ELEC427-ProjectFinal/ipcore_dir/tmp/_cg/memory_test
   1.v" into library work
INFO:ProjectMgmt - Parsing design hierarchy completed successfully.
Adding
C:/Users/Chris/workspace/ELEC427-ProjectFinal/ipcore_dir/tmp/_cg/memory_test1.ve
o -view all -origin_type imported
INFO:TclTasksC:2116 - The automatic calculation of top has been turned-off.
   Please set the new top explicitly by running the "project set top" command.
   To re-calculate the new top automatically, set the "Auto Implementation Top"
   property to true.
Top level has been set to "/memory_test1"
Generating README file...
Generating FLIST file...
INFO:sim:948 - Finished FLIST file generation.
Launching README viewer...
Moving files to output directory...
Finished moving files to output directory
Wrote CGP file for project 'memory_test1'.
